

*************************
REGISTER ALLOCATION INFOS
*************************
AVAILABLE REGISTERS : 31 
USED VARIABLES : 50 
-------------------------
LIVE_INTERVALS:
	LIVE_INTERVAL of T4 : [0, 4] 
	LIVE_INTERVAL of T5 : [1, 4] 
	LIVE_INTERVAL of T6 : [5, 10] 
	LIVE_INTERVAL of T7 : [7, 10] 
	LIVE_INTERVAL of T8 : [11, 16] 
	LIVE_INTERVAL of T9 : [13, 16] 
	LIVE_INTERVAL of T10 : [17, 22] 
	LIVE_INTERVAL of T11 : [19, 22] 
	LIVE_INTERVAL of T12 : [23, 28] 
	LIVE_INTERVAL of T13 : [25, 28] 
	LIVE_INTERVAL of T14 : [29, 34] 
	LIVE_INTERVAL of T15 : [31, 34] 
	LIVE_INTERVAL of T16 : [35, 40] 
	LIVE_INTERVAL of T17 : [37, 40] 
	LIVE_INTERVAL of T18 : [41, 46] 
	LIVE_INTERVAL of T19 : [43, 46] 
	LIVE_INTERVAL of T20 : [47, 52] 
	LIVE_INTERVAL of T21 : [49, 52] 
	LIVE_INTERVAL of T22 : [53, 58] 
	LIVE_INTERVAL of T23 : [55, 58] 
	LIVE_INTERVAL of T24 : [59, 64] 
	LIVE_INTERVAL of T25 : [61, 64] 
	LIVE_INTERVAL of T26 : [65, 70] 
	LIVE_INTERVAL of T27 : [67, 70] 
	LIVE_INTERVAL of T28 : [71, 76] 
	LIVE_INTERVAL of T29 : [73, 76] 
	LIVE_INTERVAL of T30 : [77, 82] 
	LIVE_INTERVAL of T31 : [79, 82] 
	LIVE_INTERVAL of T32 : [83, 88] 
	LIVE_INTERVAL of T33 : [85, 88] 
	LIVE_INTERVAL of T34 : [89, 94] 
	LIVE_INTERVAL of T35 : [91, 94] 
	LIVE_INTERVAL of T36 : [95, 100] 
	LIVE_INTERVAL of T37 : [97, 100] 
	LIVE_INTERVAL of T38 : [101, 106] 
	LIVE_INTERVAL of T39 : [103, 106] 
	LIVE_INTERVAL of T40 : [107, 112] 
	LIVE_INTERVAL of T41 : [109, 112] 
	LIVE_INTERVAL of T42 : [113, 118] 
	LIVE_INTERVAL of T43 : [115, 118] 
	LIVE_INTERVAL of T44 : [119, 124] 
	LIVE_INTERVAL of T45 : [121, 124] 
	LIVE_INTERVAL of T46 : [125, 135] 
	LIVE_INTERVAL of T48 : [128, 130] 
	LIVE_INTERVAL of T49 : [130, 131] 
	LIVE_INTERVAL of T47 : [131, 132] 
	LIVE_INTERVAL of T50 : [134, 134] 
-------------------------
BINDINGS : 
VAR T0 will be assigned to register R0 
VAR T1 will be assigned to register R0 
VAR T2 will be assigned to register R0 
VAR T3 will be assigned to register R0 
VAR T4 will be assigned to register R1 
VAR T5 will be assigned to register R2 
VAR T6 will be assigned to register R1 
VAR T7 will be assigned to register R2 
VAR T8 will be assigned to register R1 
VAR T9 will be assigned to register R2 
VAR T10 will be assigned to register R1 
VAR T11 will be assigned to register R2 
VAR T12 will be assigned to register R1 
VAR T13 will be assigned to register R2 
VAR T14 will be assigned to register R1 
VAR T15 will be assigned to register R2 
VAR T16 will be assigned to register R1 
VAR T17 will be assigned to register R2 
VAR T18 will be assigned to register R1 
VAR T19 will be assigned to register R2 
VAR T20 will be assigned to register R1 
VAR T21 will be assigned to register R2 
VAR T22 will be assigned to register R1 
VAR T23 will be assigned to register R2 
VAR T24 will be assigned to register R1 
VAR T25 will be assigned to register R2 
VAR T26 will be assigned to register R1 
VAR T27 will be assigned to register R2 
VAR T28 will be assigned to register R1 
VAR T29 will be assigned to register R2 
VAR T30 will be assigned to register R1 
VAR T31 will be assigned to register R2 
VAR T32 will be assigned to register R1 
VAR T33 will be assigned to register R2 
VAR T34 will be assigned to register R1 
VAR T35 will be assigned to register R2 
VAR T36 will be assigned to register R1 
VAR T37 will be assigned to register R2 
VAR T38 will be assigned to register R1 
VAR T39 will be assigned to register R2 
VAR T40 will be assigned to register R1 
VAR T41 will be assigned to register R2 
VAR T42 will be assigned to register R1 
VAR T43 will be assigned to register R2 
VAR T44 will be assigned to register R1 
VAR T45 will be assigned to register R2 
VAR T46 will be assigned to register R1 
VAR T47 will be assigned to register R2 
VAR T48 will be assigned to register R2 
VAR T49 will be assigned to register R3 
VAR T50 will be assigned to register R2 
*************************

